#
# There is insufficient memory for the Java Runtime Environment to continue.
# Native memory allocation (mmap) failed to map 65536 bytes for Failed to commit metaspace.
# Possible reasons:
#   The system is out of physical RAM or swap space
#   The process is running with CompressedOops enabled, and the Java Heap may be blocking the growth of the native heap
# Possible solutions:
#   Reduce memory load on the system
#   Increase physical memory or swap space
#   Check if swap backing store is full
#   Decrease Java heap size (-Xmx/-Xms)
#   Decrease number of Java threads
#   Decrease Java thread stack sizes (-Xss)
#   Set larger code cache with -XX:ReservedCodeCacheSize=
#   JVM is running with Zero Based Compressed Oops mode in which the Java heap is
#     placed in the first 32GB address space. The Java Heap base address is the
#     maximum limit for the native heap growth. Please use -XX:HeapBaseMinAddress
#     to set the Java Heap base and to place the Java Heap above 32GB virtual address.
# This output file may be truncated or incomplete.
#
#  Out of Memory Error (virtualSpaceNode.cpp:110), pid=17344, tid=6784
#
# JRE version: Java(TM) SE Runtime Environment (17.0.10+11) (build 17.0.10+11-LTS-240)
# Java VM: Java HotSpot(TM) 64-Bit Server VM (17.0.10+11-LTS-240, mixed mode, emulated-client, sharing, tiered, compressed oops, compressed class ptrs, g1 gc, windows-amd64)
# No core dump will be written. Minidumps are not enabled by default on client versions of Windows
#

---------------  S U M M A R Y ------------

Command Line: -agentlib:jdwp=transport=dt_socket,address=127.0.0.1:59301,suspend=y,server=n -XX:TieredStopAtLevel=1 -Dspring.output.ansi.enabled=always -Dcom.sun.management.jmxremote -Dspring.jmx.enabled=true -Dspring.liveBeansView.mbeanDomain -Dspring.application.admin.enabled=true -Dmanagement.endpoints.jmx.exposure.include=* -javaagent:C:\Users\adm\AppData\Local\JetBrains\IntelliJIdea2024.1\captureAgent\debugger-agent.jar -Dfile.encoding=UTF-8 com.lacamentopeca.pedidosDePecas.PedidosDePecasApplication

Host: Intel(R) Core(TM) i7-7700 CPU @ 3.60GHz, 8 cores, 15G,  Windows 10 , 64 bit Build 19041 (10.0.19041.3636)
Time: Mon May 13 10:51:53 2024 Hora oficial do Brasil elapsed time: 1.582884 seconds (0d 0h 0m 1s)

---------------  T H R E A D  ---------------

Current thread (0x000002d86b498390):  JavaThread "background-preinit" [_thread_in_vm, id=6784, stack(0x000000f679100000,0x000000f679200000)]

Stack: [0x000000f679100000,0x000000f679200000]
Native frames: (J=compiled Java code, j=interpreted, Vv=VM code, C=native code)
V  [jvm.dll+0x677a5a]
V  [jvm.dll+0x7d8b2d]
V  [jvm.dll+0x7da48e]
V  [jvm.dll+0x7daaf3]
V  [jvm.dll+0x2455ff]
V  [jvm.dll+0x7d483b]
V  [jvm.dll+0x61dc06]
V  [jvm.dll+0x1bfa87]
V  [jvm.dll+0x620570]
V  [jvm.dll+0x61e5c6]
V  [jvm.dll+0x6283a7]
V  [jvm.dll+0x1e92ed]
V  [jvm.dll+0x1e98b5]
V  [jvm.dll+0x1ea1fb]
V  [jvm.dll+0x1dfa01]
V  [jvm.dll+0x53d58c]
V  [jvm.dll+0x753438]
V  [jvm.dll+0x753524]
V  [jvm.dll+0x40babf]
V  [jvm.dll+0x411a89]
C  [java.dll+0x17ec]

Java frames: (J=compiled Java code, j=interpreted, Vv=VM code)
J 1117  java.lang.ClassLoader.defineClass1(Ljava/lang/ClassLoader;Ljava/lang/String;[BIILjava/security/ProtectionDomain;Ljava/lang/String;)Ljava/lang/Class; java.base@17.0.10 (0 bytes) @ 0x000002d8160e8063 [0x000002d8160e7fa0+0x00000000000000c3]
J 1270 c1 java.lang.ClassLoader.defineClass(Ljava/lang/String;[BIILjava/security/ProtectionDomain;)Ljava/lang/Class; java.base@17.0.10 (43 bytes) @ 0x000002d81612db24 [0x000002d81612d9e0+0x0000000000000144]
J 1125 c1 jdk.internal.loader.BuiltinClassLoader.defineClass(Ljava/lang/String;Ljdk/internal/loader/Resource;)Ljava/lang/Class; java.base@17.0.10 (121 bytes) @ 0x000002d8160f06ac [0x000002d8160f01a0+0x000000000000050c]
J 1118 c1 jdk.internal.loader.BuiltinClassLoader.findClassOnClassPathOrNull(Ljava/lang/String;)Ljava/lang/Class; java.base@17.0.10 (64 bytes) @ 0x000002d8160ed11c [0x000002d8160ece20+0x00000000000002fc]
J 936 c1 jdk.internal.loader.BuiltinClassLoader.loadClassOrNull(Ljava/lang/String;Z)Ljava/lang/Class; java.base@17.0.10 (143 bytes) @ 0x000002d81609665c [0x000002d816096180+0x00000000000004dc]
J 1040 c1 jdk.internal.loader.ClassLoaders$AppClassLoader.loadClass(Ljava/lang/String;Z)Ljava/lang/Class; java.base@17.0.10 (40 bytes) @ 0x000002d8160c7a3c [0x000002d8160c7900+0x000000000000013c]
J 1039 c1 java.lang.ClassLoader.loadClass(Ljava/lang/String;)Ljava/lang/Class; java.base@17.0.10 (7 bytes) @ 0x000002d8160c75fc [0x000002d8160c75a0+0x000000000000005c]
v  ~StubRoutines::call_stub
j  org.hibernate.validator.internal.util.logging.LoggerFactory.make(Ljava/lang/invoke/MethodHandles$Lookup;)Lorg/hibernate/validator/internal/util/logging/Log;+8
j  org.hibernate.validator.internal.util.Version.<clinit>()V+3
v  ~StubRoutines::call_stub
j  org.hibernate.validator.internal.engine.AbstractConfigurationImpl.<clinit>()V+16
v  ~StubRoutines::call_stub
j  org.hibernate.validator.HibernateValidator.createGenericConfiguration(Ljakarta/validation/spi/BootstrapState;)Ljakarta/validation/Configuration;+0
j  jakarta.validation.Validation$GenericBootstrapImpl.configure()Ljakarta/validation/Configuration;+81
j  org.springframework.boot.autoconfigure.BackgroundPreinitializer$ValidationInitializer.run()V+3
j  org.springframework.boot.autoconfigure.BackgroundPreinitializer$1.runSafely(Ljava/lang/Runnable;)Z+1
j  org.springframework.boot.autoconfigure.BackgroundPreinitializer$1.run()V+20
j  java.lang.Thread.run()V+11 java.base@17.0.10
v  ~StubRoutines::call_stub

---------------  P R O C E S S  ---------------

Threads class SMR info:
_java_thread_list=0x000002d825c66300, length=20, elements={
0x000002d80e4e25c0, 0x000002d82512a470, 0x000002d82512b200, 0x000002d82513beb0,
0x000002d82513daf0, 0x000002d8251403d0, 0x000002d825148cb0, 0x000002d82514cb30,
0x000002d82514d440, 0x000002d8252ddf80, 0x000002d825117960, 0x000002d8253ad0f0,
0x000002d8253cc030, 0x000002d8253cc930, 0x000002d8253d8ab0, 0x000002d825961320,
0x000002d825d29040, 0x000002d825d49440, 0x000002d86b498390, 0x000002d86b4cdf00
}

Java Threads: ( => current thread )
  0x000002d80e4e25c0 JavaThread "main" [_thread_blocked, id=11048, stack(0x000000f677000000,0x000000f677100000)]
  0x000002d82512a470 JavaThread "Reference Handler" daemon [_thread_blocked, id=17780, stack(0x000000f677700000,0x000000f677800000)]
  0x000002d82512b200 JavaThread "Finalizer" daemon [_thread_blocked, id=8320, stack(0x000000f677800000,0x000000f677900000)]
  0x000002d82513beb0 JavaThread "Signal Dispatcher" daemon [_thread_blocked, id=3280, stack(0x000000f677900000,0x000000f677a00000)]
  0x000002d82513daf0 JavaThread "Attach Listener" daemon [_thread_blocked, id=12012, stack(0x000000f677a00000,0x000000f677b00000)]
  0x000002d8251403d0 JavaThread "Service Thread" daemon [_thread_blocked, id=15892, stack(0x000000f677b00000,0x000000f677c00000)]
  0x000002d825148cb0 JavaThread "Monitor Deflation Thread" daemon [_thread_blocked, id=7400, stack(0x000000f677c00000,0x000000f677d00000)]
  0x000002d82514cb30 JavaThread "C1 CompilerThread0" daemon [_thread_blocked, id=9560, stack(0x000000f677d00000,0x000000f677e00000)]
  0x000002d82514d440 JavaThread "Sweeper thread" daemon [_thread_blocked, id=1376, stack(0x000000f677e00000,0x000000f677f00000)]
  0x000002d8252ddf80 JavaThread "Common-Cleaner" daemon [_thread_blocked, id=5568, stack(0x000000f677f00000,0x000000f678000000)]
  0x000002d825117960 JavaThread "C1 CompilerThread1" daemon [_thread_blocked, id=2356, stack(0x000000f678000000,0x000000f678100000)]
  0x000002d8253ad0f0 JavaThread "JDWP Transport Listener: dt_socket" daemon [_thread_blocked, id=11756, stack(0x000000f678200000,0x000000f678300000)]
  0x000002d8253cc030 JavaThread "JDWP Event Helper Thread" daemon [_thread_blocked, id=4788, stack(0x000000f678300000,0x000000f678400000)]
  0x000002d8253cc930 JavaThread "JDWP Command Reader" daemon [_thread_in_native, id=17196, stack(0x000000f678400000,0x000000f678500000)]
  0x000002d8253d8ab0 JavaThread "Notification Thread" daemon [_thread_blocked, id=17452, stack(0x000000f678100000,0x000000f678200000)]
  0x000002d825961320 JavaThread "RMI TCP Accept-0" daemon [_thread_in_native, id=13416, stack(0x000000f678500000,0x000000f678600000)]
  0x000002d825d29040 JavaThread "Thread-0" [_thread_blocked, id=6224, stack(0x000000f678f00000,0x000000f679000000)]
  0x000002d825d49440 JavaThread "restartedMain" [_thread_in_vm, id=11832, stack(0x000000f679000000,0x000000f679100000)]
=>0x000002d86b498390 JavaThread "background-preinit" [_thread_in_vm, id=6784, stack(0x000000f679100000,0x000000f679200000)]
  0x000002d86b4cdf00 JavaThread "C1 CompilerThread2" daemon [_thread_blocked, id=15912, stack(0x000000f679200000,0x000000f679300000)]

Other Threads:
  0x000002d825123940 VMThread "VM Thread" [stack: 0x000000f677600000,0x000000f677700000] [id=12180]
  0x000002d80e56fae0 WatcherThread [stack: 0x000000f678600000,0x000000f678700000] [id=3524]
  0x000002d80e54e7b0 GCTaskThread "GC Thread#0" [stack: 0x000000f677100000,0x000000f677200000] [id=16928]
  0x000002d825c47400 GCTaskThread "GC Thread#1" [stack: 0x000000f678700000,0x000000f678800000] [id=1260]
  0x000002d825c69240 GCTaskThread "GC Thread#2" [stack: 0x000000f678800000,0x000000f678900000] [id=2100]
  0x000002d825c69500 GCTaskThread "GC Thread#3" [stack: 0x000000f678900000,0x000000f678a00000] [id=14900]
  0x000002d825c697c0 GCTaskThread "GC Thread#4" [stack: 0x000000f678a00000,0x000000f678b00000] [id=3208]
  0x000002d825c6a6a0 GCTaskThread "GC Thread#5" [stack: 0x000000f678b00000,0x000000f678c00000] [id=2156]
  0x000002d825c8ec80 GCTaskThread "GC Thread#6" [stack: 0x000000f678c00000,0x000000f678d00000] [id=11744]
  0x000002d825c91360 GCTaskThread "GC Thread#7" [stack: 0x000000f678d00000,0x000000f678e00000] [id=12812]
  0x000002d80e563cf0 ConcurrentGCThread "G1 Main Marker" [stack: 0x000000f677200000,0x000000f677300000] [id=5824]
  0x000002d80e564620 ConcurrentGCThread "G1 Conc#0" [stack: 0x000000f677300000,0x000000f677400000] [id=11960]
  0x000002d824fe5100 ConcurrentGCThread "G1 Refine#0" [stack: 0x000000f677400000,0x000000f677500000] [id=14124]
  0x000002d825c7a6e0 ConcurrentGCThread "G1 Refine#1" [stack: 0x000000f678e00000,0x000000f678f00000] [id=20188]
  0x000002d824fe5a40 ConcurrentGCThread "G1 Service" [stack: 0x000000f677500000,0x000000f677600000] [id=2444]

Threads with active compile tasks:

VM state: not at safepoint (normal execution)

VM Mutex/Monitor currently owned by a thread:  ([mutex/lock_event])
[0x000002d80e4dd5e0] Metaspace_lock - owner thread: 0x000002d86b498390

Heap address: 0x0000000700e00000, size: 4082 MB, Compressed Oops mode: Zero based, Oop shift amount: 3

CDS archive(s) mapped at: [0x000002d826000000-0x000002d826bd0000-0x000002d826bd0000), size 12386304, SharedBaseAddress: 0x000002d826000000, ArchiveRelocationMode: 1.
Compressed class space mapped at: 0x000002d827000000-0x000002d867000000, reserved size: 1073741824
Narrow klass base: 0x000002d826000000, Narrow klass shift: 0, Narrow klass range: 0x100000000

GC Precious Log:
 CPUs: 8 total, 8 available
 Memory: 16327M
 Large Page Support: Disabled
 NUMA Support: Disabled
 Compressed Oops: Enabled (Zero based)
 Heap Region Size: 2M
 Heap Min Capacity: 8M
 Heap Initial Capacity: 256M
 Heap Max Capacity: 4082M
 Pre-touch: Disabled
 Parallel Workers: 8
 Concurrent Workers: 2
 Concurrent Refinement Workers: 8
 Periodic GC: Disabled

Heap:
 garbage-first heap   total 262144K, used 16330K [0x0000000700e00000, 0x0000000800000000)
  region size 2048K, 6 young (12288K), 1 survivors (2048K)
 Metaspace       used 10757K, committed 11008K, reserved 1114112K
  class space    used 1464K, committed 1600K, reserved 1048576K

Heap Regions: E=young(eden), S=young(survivor), O=old, HS=humongous(starts), HC=humongous(continues), CS=collection set, F=free, OA=open archive, CA=closed archive, TAMS=top-at-mark-start (previous, next)
|   0|0x0000000700e00000, 0x0000000701000000, 0x0000000701000000|100%| O|  |TAMS 0x0000000700e00000, 0x0000000700e00000| Untracked 
|   1|0x0000000701000000, 0x0000000701200000, 0x0000000701200000|100%| O|  |TAMS 0x0000000701000000, 0x0000000701000000| Untracked 
|   2|0x0000000701200000, 0x0000000701400000, 0x0000000701400000|100%| O|  |TAMS 0x0000000701200000, 0x0000000701200000| Untracked 
|   3|0x0000000701400000, 0x00000007014a6000, 0x0000000701600000| 32%| O|  |TAMS 0x0000000701400000, 0x0000000701400000| Untracked 
|   4|0x0000000701600000, 0x0000000701600000, 0x0000000701800000|  0%| F|  |TAMS 0x0000000701600000, 0x0000000701600000| Untracked 
|   5|0x0000000701800000, 0x0000000701800000, 0x0000000701a00000|  0%| F|  |TAMS 0x0000000701800000, 0x0000000701800000| Untracked 
|   6|0x0000000701a00000, 0x0000000701a00000, 0x0000000701c00000|  0%| F|  |TAMS 0x0000000701a00000, 0x0000000701a00000| Untracked 
|   7|0x0000000701c00000, 0x0000000701c00000, 0x0000000701e00000|  0%| F|  |TAMS 0x0000000701c00000, 0x0000000701c00000| Untracked 
|   8|0x0000000701e00000, 0x0000000701e00000, 0x0000000702000000|  0%| F|  |TAMS 0x0000000701e00000, 0x0000000701e00000| Untracked 
|   9|0x0000000702000000, 0x0000000702000000, 0x0000000702200000|  0%| F|  |TAMS 0x0000000702000000, 0x0000000702000000| Untracked 
|  10|0x0000000702200000, 0x0000000702200000, 0x0000000702400000|  0%| F|  |TAMS 0x0000000702200000, 0x0000000702200000| Untracked 
|  11|0x0000000702400000, 0x0000000702400000, 0x0000000702600000|  0%| F|  |TAMS 0x0000000702400000, 0x0000000702400000| Untracked 
|  12|0x0000000702600000, 0x0000000702600000, 0x0000000702800000|  0%| F|  |TAMS 0x0000000702600000, 0x0000000702600000| Untracked 
|  13|0x0000000702800000, 0x0000000702800000, 0x0000000702a00000|  0%| F|  |TAMS 0x0000000702800000, 0x0000000702800000| Untracked 
|  14|0x0000000702a00000, 0x0000000702a00000, 0x0000000702c00000|  0%| F|  |TAMS 0x0000000702a00000, 0x0000000702a00000| Untracked 
|  15|0x0000000702c00000, 0x0000000702c00000, 0x0000000702e00000|  0%| F|  |TAMS 0x0000000702c00000, 0x0000000702c00000| Untracked 
|  16|0x0000000702e00000, 0x0000000702e00000, 0x0000000703000000|  0%| F|  |TAMS 0x0000000702e00000, 0x0000000702e00000| Untracked 
|  17|0x0000000703000000, 0x0000000703000000, 0x0000000703200000|  0%| F|  |TAMS 0x0000000703000000, 0x0000000703000000| Untracked 
|  18|0x0000000703200000, 0x0000000703200000, 0x0000000703400000|  0%| F|  |TAMS 0x0000000703200000, 0x0000000703200000| Untracked 
|  19|0x0000000703400000, 0x0000000703400000, 0x0000000703600000|  0%| F|  |TAMS 0x0000000703400000, 0x0000000703400000| Untracked 
|  20|0x0000000703600000, 0x0000000703600000, 0x0000000703800000|  0%| F|  |TAMS 0x0000000703600000, 0x0000000703600000| Untracked 
|  21|0x0000000703800000, 0x0000000703800000, 0x0000000703a00000|  0%| F|  |TAMS 0x0000000703800000, 0x0000000703800000| Untracked 
|  22|0x0000000703a00000, 0x0000000703a00000, 0x0000000703c00000|  0%| F|  |TAMS 0x0000000703a00000, 0x0000000703a00000| Untracked 
|  23|0x0000000703c00000, 0x0000000703c00000, 0x0000000703e00000|  0%| F|  |TAMS 0x0000000703c00000, 0x0000000703c00000| Untracked 
|  24|0x0000000703e00000, 0x0000000703e00000, 0x0000000704000000|  0%| F|  |TAMS 0x0000000703e00000, 0x0000000703e00000| Untracked 
|  25|0x0000000704000000, 0x0000000704000000, 0x0000000704200000|  0%| F|  |TAMS 0x0000000704000000, 0x0000000704000000| Untracked 
|  26|0x0000000704200000, 0x0000000704200000, 0x0000000704400000|  0%| F|  |TAMS 0x0000000704200000, 0x0000000704200000| Untracked 
|  27|0x0000000704400000, 0x0000000704400000, 0x0000000704600000|  0%| F|  |TAMS 0x0000000704400000, 0x0000000704400000| Untracked 
|  28|0x0000000704600000, 0x0000000704600000, 0x0000000704800000|  0%| F|  |TAMS 0x0000000704600000, 0x0000000704600000| Untracked 
|  29|0x0000000704800000, 0x0000000704800000, 0x0000000704a00000|  0%| F|  |TAMS 0x0000000704800000, 0x0000000704800000| Untracked 
|  30|0x0000000704a00000, 0x0000000704a00000, 0x0000000704c00000|  0%| F|  |TAMS 0x0000000704a00000, 0x0000000704a00000| Untracked 
|  31|0x0000000704c00000, 0x0000000704c00000, 0x0000000704e00000|  0%| F|  |TAMS 0x0000000704c00000, 0x0000000704c00000| Untracked 
|  32|0x0000000704e00000, 0x0000000704e00000, 0x0000000705000000|  0%| F|  |TAMS 0x0000000704e00000, 0x0000000704e00000| Untracked 
|  33|0x0000000705000000, 0x0000000705000000, 0x0000000705200000|  0%| F|  |TAMS 0x0000000705000000, 0x0000000705000000| Untracked 
|  34|0x0000000705200000, 0x0000000705200000, 0x0000000705400000|  0%| F|  |TAMS 0x0000000705200000, 0x0000000705200000| Untracked 
|  35|0x0000000705400000, 0x0000000705400000, 0x0000000705600000|  0%| F|  |TAMS 0x0000000705400000, 0x0000000705400000| Untracked 
|  36|0x0000000705600000, 0x0000000705600000, 0x0000000705800000|  0%| F|  |TAMS 0x0000000705600000, 0x0000000705600000| Untracked 
|  37|0x0000000705800000, 0x0000000705800000, 0x0000000705a00000|  0%| F|  |TAMS 0x0000000705800000, 0x0000000705800000| Untracked 
|  38|0x0000000705a00000, 0x0000000705a00000, 0x0000000705c00000|  0%| F|  |TAMS 0x0000000705a00000, 0x0000000705a00000| Untracked 
|  39|0x0000000705c00000, 0x0000000705c00000, 0x0000000705e00000|  0%| F|  |TAMS 0x0000000705c00000, 0x0000000705c00000| Untracked 
|  40|0x0000000705e00000, 0x0000000705e00000, 0x0000000706000000|  0%| F|  |TAMS 0x0000000705e00000, 0x0000000705e00000| Untracked 
|  41|0x0000000706000000, 0x0000000706000000, 0x0000000706200000|  0%| F|  |TAMS 0x0000000706000000, 0x0000000706000000| Untracked 
|  42|0x0000000706200000, 0x0000000706200000, 0x0000000706400000|  0%| F|  |TAMS 0x0000000706200000, 0x0000000706200000| Untracked 
|  43|0x0000000706400000, 0x0000000706400000, 0x0000000706600000|  0%| F|  |TAMS 0x0000000706400000, 0x0000000706400000| Untracked 
|  44|0x0000000706600000, 0x0000000706600000, 0x0000000706800000|  0%| F|  |TAMS 0x0000000706600000, 0x0000000706600000| Untracked 
|  45|0x0000000706800000, 0x0000000706800000, 0x0000000706a00000|  0%| F|  |TAMS 0x0000000706800000, 0x0000000706800000| Untracked 
|  46|0x0000000706a00000, 0x0000000706a00000, 0x0000000706c00000|  0%| F|  |TAMS 0x0000000706a00000, 0x0000000706a00000| Untracked 
|  47|0x0000000706c00000, 0x0000000706c00000, 0x0000000706e00000|  0%| F|  |TAMS 0x0000000706c00000, 0x0000000706c00000| Untracked 
|  48|0x0000000706e00000, 0x0000000706e00000, 0x0000000707000000|  0%| F|  |TAMS 0x0000000706e00000, 0x0000000706e00000| Untracked 
|  49|0x0000000707000000, 0x0000000707000000, 0x0000000707200000|  0%| F|  |TAMS 0x0000000707000000, 0x0000000707000000| Untracked 
|  50|0x0000000707200000, 0x0000000707200000, 0x0000000707400000|  0%| F|  |TAMS 0x0000000707200000, 0x0000000707200000| Untracked 
|  51|0x0000000707400000, 0x0000000707400000, 0x0000000707600000|  0%| F|  |TAMS 0x0000000707400000, 0x0000000707400000| Untracked 
|  52|0x0000000707600000, 0x0000000707600000, 0x0000000707800000|  0%| F|  |TAMS 0x0000000707600000, 0x0000000707600000| Untracked 
|  53|0x0000000707800000, 0x0000000707800000, 0x0000000707a00000|  0%| F|  |TAMS 0x0000000707800000, 0x0000000707800000| Untracked 
|  54|0x0000000707a00000, 0x0000000707a00000, 0x0000000707c00000|  0%| F|  |TAMS 0x0000000707a00000, 0x0000000707a00000| Untracked 
|  55|0x0000000707c00000, 0x0000000707c00000, 0x0000000707e00000|  0%| F|  |TAMS 0x0000000707c00000, 0x0000000707c00000| Untracked 
|  56|0x0000000707e00000, 0x0000000707e00000, 0x0000000708000000|  0%| F|  |TAMS 0x0000000707e00000, 0x0000000707e00000| Untracked 
|  57|0x0000000708000000, 0x0000000708000000, 0x0000000708200000|  0%| F|  |TAMS 0x0000000708000000, 0x0000000708000000| Untracked 
|  58|0x0000000708200000, 0x0000000708200000, 0x0000000708400000|  0%| F|  |TAMS 0x0000000708200000, 0x0000000708200000| Untracked 
|  59|0x0000000708400000, 0x0000000708400000, 0x0000000708600000|  0%| F|  |TAMS 0x0000000708400000, 0x0000000708400000| Untracked 
|  60|0x0000000708600000, 0x0000000708600000, 0x0000000708800000|  0%| F|  |TAMS 0x0000000708600000, 0x0000000708600000| Untracked 
|  61|0x0000000708800000, 0x0000000708800000, 0x0000000708a00000|  0%| F|  |TAMS 0x0000000708800000, 0x0000000708800000| Untracked 
|  62|0x0000000708a00000, 0x0000000708a00000, 0x0000000708c00000|  0%| F|  |TAMS 0x0000000708a00000, 0x0000000708a00000| Untracked 
|  63|0x0000000708c00000, 0x0000000708c00000, 0x0000000708e00000|  0%| F|  |TAMS 0x0000000708c00000, 0x0000000708c00000| Untracked 
|  64|0x0000000708e00000, 0x0000000708e00000, 0x0000000709000000|  0%| F|  |TAMS 0x0000000708e00000, 0x0000000708e00000| Untracked 
|  65|0x0000000709000000, 0x0000000709000000, 0x0000000709200000|  0%| F|  |TAMS 0x0000000709000000, 0x0000000709000000| Untracked 
|  66|0x0000000709200000, 0x0000000709200000, 0x0000000709400000|  0%| F|  |TAMS 0x0000000709200000, 0x0000000709200000| Untracked 
|  67|0x0000000709400000, 0x0000000709400000, 0x0000000709600000|  0%| F|  |TAMS 0x0000000709400000, 0x0000000709400000| Untracked 
|  68|0x0000000709600000, 0x0000000709600000, 0x0000000709800000|  0%| F|  |TAMS 0x0000000709600000, 0x0000000709600000| Untracked 
|  69|0x0000000709800000, 0x0000000709800000, 0x0000000709a00000|  0%| F|  |TAMS 0x0000000709800000, 0x0000000709800000| Untracked 
|  70|0x0000000709a00000, 0x0000000709a00000, 0x0000000709c00000|  0%| F|  |TAMS 0x0000000709a00000, 0x0000000709a00000| Untracked 
|  71|0x0000000709c00000, 0x0000000709c00000, 0x0000000709e00000|  0%| F|  |TAMS 0x0000000709c00000, 0x0000000709c00000| Untracked 
|  72|0x0000000709e00000, 0x0000000709e00000, 0x000000070a000000|  0%| F|  |TAMS 0x0000000709e00000, 0x0000000709e00000| Untracked 
|  73|0x000000070a000000, 0x000000070a000000, 0x000000070a200000|  0%| F|  |TAMS 0x000000070a000000, 0x000000070a000000| Untracked 
|  74|0x000000070a200000, 0x000000070a200000, 0x000000070a400000|  0%| F|  |TAMS 0x000000070a200000, 0x000000070a200000| Untracked 
|  75|0x000000070a400000, 0x000000070a400000, 0x000000070a600000|  0%| F|  |TAMS 0x000000070a400000, 0x000000070a400000| Untracked 
|  76|0x000000070a600000, 0x000000070a600000, 0x000000070a800000|  0%| F|  |TAMS 0x000000070a600000, 0x000000070a600000| Untracked 
|  77|0x000000070a800000, 0x000000070a800000, 0x000000070aa00000|  0%| F|  |TAMS 0x000000070a800000, 0x000000070a800000| Untracked 
|  78|0x000000070aa00000, 0x000000070aa00000, 0x000000070ac00000|  0%| F|  |TAMS 0x000000070aa00000, 0x000000070aa00000| Untracked 
|  79|0x000000070ac00000, 0x000000070ac00000, 0x000000070ae00000|  0%| F|  |TAMS 0x000000070ac00000, 0x000000070ac00000| Untracked 
|  80|0x000000070ae00000, 0x000000070ae00000, 0x000000070b000000|  0%| F|  |TAMS 0x000000070ae00000, 0x000000070ae00000| Untracked 
|  81|0x000000070b000000, 0x000000070b000000, 0x000000070b200000|  0%| F|  |TAMS 0x000000070b000000, 0x000000070b000000| Untracked 
|  82|0x000000070b200000, 0x000000070b200000, 0x000000070b400000|  0%| F|  |TAMS 0x000000070b200000, 0x000000070b200000| Untracked 
|  83|0x000000070b400000, 0x000000070b400000, 0x000000070b600000|  0%| F|  |TAMS 0x000000070b400000, 0x000000070b400000| Untracked 
|  84|0x000000070b600000, 0x000000070b600000, 0x000000070b800000|  0%| F|  |TAMS 0x000000070b600000, 0x000000070b600000| Untracked 
|  85|0x000000070b800000, 0x000000070b800000, 0x000000070ba00000|  0%| F|  |TAMS 0x000000070b800000, 0x000000070b800000| Untracked 
|  86|0x000000070ba00000, 0x000000070ba00000, 0x000000070bc00000|  0%| F|  |TAMS 0x000000070ba00000, 0x000000070ba00000| Untracked 
|  87|0x000000070bc00000, 0x000000070bc00000, 0x000000070be00000|  0%| F|  |TAMS 0x000000070bc00000, 0x000000070bc00000| Untracked 
|  88|0x000000070be00000, 0x000000070be00000, 0x000000070c000000|  0%| F|  |TAMS 0x000000070be00000, 0x000000070be00000| Untracked 
|  89|0x000000070c000000, 0x000000070c000000, 0x000000070c200000|  0%| F|  |TAMS 0x000000070c000000, 0x000000070c000000| Untracked 
|  90|0x000000070c200000, 0x000000070c200000, 0x000000070c400000|  0%| F|  |TAMS 0x000000070c200000, 0x000000070c200000| Untracked 
|  91|0x000000070c400000, 0x000000070c400000, 0x000000070c600000|  0%| F|  |TAMS 0x000000070c400000, 0x000000070c400000| Untracked 
|  92|0x000000070c600000, 0x000000070c600000, 0x000000070c800000|  0%| F|  |TAMS 0x000000070c600000, 0x000000070c600000| Untracked 
|  93|0x000000070c800000, 0x000000070c800000, 0x000000070ca00000|  0%| F|  |TAMS 0x000000070c800000, 0x000000070c800000| Untracked 
|  94|0x000000070ca00000, 0x000000070ca00000, 0x000000070cc00000|  0%| F|  |TAMS 0x000000070ca00000, 0x000000070ca00000| Untracked 
|  95|0x000000070cc00000, 0x000000070cc00000, 0x000000070ce00000|  0%| F|  |TAMS 0x000000070cc00000, 0x000000070cc00000| Untracked 
|  96|0x000000070ce00000, 0x000000070ce00000, 0x000000070d000000|  0%| F|  |TAMS 0x000000070ce00000, 0x000000070ce00000| Untracked 
|  97|0x000000070d000000, 0x000000070d000000, 0x000000070d200000|  0%| F|  |TAMS 0x000000070d000000, 0x000000070d000000| Untracked 
|  98|0x000000070d200000, 0x000000070d200000, 0x000000070d400000|  0%| F|  |TAMS 0x000000070d200000, 0x000000070d200000| Untracked 
|  99|0x000000070d400000, 0x000000070d400000, 0x000000070d600000|  0%| F|  |TAMS 0x000000070d400000, 0x000000070d400000| Untracked 
| 100|0x000000070d600000, 0x000000070d600000, 0x000000070d800000|  0%| F|  |TAMS 0x000000070d600000, 0x000000070d600000| Untracked 
| 101|0x000000070d800000, 0x000000070d800000, 0x000000070da00000|  0%| F|  |TAMS 0x000000070d800000, 0x000000070d800000| Untracked 
| 102|0x000000070da00000, 0x000000070da00000, 0x000000070dc00000|  0%| F|  |TAMS 0x000000070da00000, 0x000000070da00000| Untracked 
| 103|0x000000070dc00000, 0x000000070dc00000, 0x000000070de00000|  0%| F|  |TAMS 0x000000070dc00000, 0x000000070dc00000| Untracked 
| 104|0x000000070de00000, 0x000000070de00000, 0x000000070e000000|  0%| F|  |TAMS 0x000000070de00000, 0x000000070de00000| Untracked 
| 105|0x000000070e000000, 0x000000070e000000, 0x000000070e200000|  0%| F|  |TAMS 0x000000070e000000, 0x000000070e000000| Untracked 
| 106|0x000000070e200000, 0x000000070e200000, 0x000000070e400000|  0%| F|  |TAMS 0x000000070e200000, 0x000000070e200000| Untracked 
| 107|0x000000070e400000, 0x000000070e400000, 0x000000070e600000|  0%| F|  |TAMS 0x000000070e400000, 0x000000070e400000| Untracked 
| 108|0x000000070e600000, 0x000000070e600000, 0x000000070e800000|  0%| F|  |TAMS 0x000000070e600000, 0x000000070e600000| Untracked 
| 109|0x000000070e800000, 0x000000070e800000, 0x000000070ea00000|  0%| F|  |TAMS 0x000000070e800000, 0x000000070e800000| Untracked 
| 110|0x000000070ea00000, 0x000000070ea00000, 0x000000070ec00000|  0%| F|  |TAMS 0x000000070ea00000, 0x000000070ea00000| Untracked 
| 111|0x000000070ec00000, 0x000000070ec00000, 0x000000070ee00000|  0%| F|  |TAMS 0x000000070ec00000, 0x000000070ec00000| Untracked 
| 112|0x000000070ee00000, 0x000000070ee00000, 0x000000070f000000|  0%| F|  |TAMS 0x000000070ee00000, 0x000000070ee00000| Untracked 
| 113|0x000000070f000000, 0x000000070f000000, 0x000000070f200000|  0%| F|  |TAMS 0x000000070f000000, 0x000000070f000000| Untracked 
| 114|0x000000070f200000, 0x000000070f34c938, 0x000000070f400000| 64%| S|CS|TAMS 0x000000070f200000, 0x000000070f200000| Complete 
| 115|0x000000070f400000, 0x000000070f400000, 0x000000070f600000|  0%| F|  |TAMS 0x000000070f400000, 0x000000070f400000| Untracked 
| 116|0x000000070f600000, 0x000000070f600000, 0x000000070f800000|  0%| F|  |TAMS 0x000000070f600000, 0x000000070f600000| Untracked 
| 117|0x000000070f800000, 0x000000070f800000, 0x000000070fa00000|  0%| F|  |TAMS 0x000000070f800000, 0x000000070f800000| Untracked 
| 118|0x000000070fa00000, 0x000000070fa00000, 0x000000070fc00000|  0%| F|  |TAMS 0x000000070fa00000, 0x000000070fa00000| Untracked 
| 119|0x000000070fc00000, 0x000000070fc00000, 0x000000070fe00000|  0%| F|  |TAMS 0x000000070fc00000, 0x000000070fc00000| Untracked 
| 120|0x000000070fe00000, 0x000000070fe00000, 0x0000000710000000|  0%| F|  |TAMS 0x000000070fe00000, 0x000000070fe00000| Untracked 
| 121|0x0000000710000000, 0x0000000710000000, 0x0000000710200000|  0%| F|  |TAMS 0x0000000710000000, 0x0000000710000000| Untracked 
| 122|0x0000000710200000, 0x0000000710200000, 0x0000000710400000|  0%| F|  |TAMS 0x0000000710200000, 0x0000000710200000| Untracked 
| 123|0x0000000710400000, 0x00000007104df5c0, 0x0000000710600000| 43%| E|  |TAMS 0x0000000710400000, 0x0000000710400000| Complete 
| 124|0x0000000710600000, 0x0000000710800000, 0x0000000710800000|100%| E|CS|TAMS 0x0000000710600000, 0x0000000710600000| Complete 
| 125|0x0000000710800000, 0x0000000710a00000, 0x0000000710a00000|100%| E|CS|TAMS 0x0000000710800000, 0x0000000710800000| Complete 
| 126|0x0000000710a00000, 0x0000000710c00000, 0x0000000710c00000|100%| E|CS|TAMS 0x0000000710a00000, 0x0000000710a00000| Complete 
| 127|0x0000000710c00000, 0x0000000710e00000, 0x0000000710e00000|100%| E|CS|TAMS 0x0000000710c00000, 0x0000000710c00000| Complete 

Card table byte_map: [0x000002d8196a0000,0x000002d819ea0000] _byte_map_base: 0x000002d815e99000

Marking Bits (Prev, Next): (CMBitMap*) 0x000002d80e54fcf0, (CMBitMap*) 0x000002d80e54fd30
 Prev Bits: [0x000002d81a6a0000, 0x000002d81e668000)
 Next Bits: [0x000002d81e670000, 0x000002d822638000)

Polling page: 0x000002d80dcb0000

Metaspace:

Usage:
  Non-class:      9.08 MB used.
      Class:      1.43 MB used.
       Both:     10.51 MB used.

Virtual space:
  Non-class space:       64.00 MB reserved,       9.19 MB ( 14%) committed,  1 nodes.
      Class space:        1.00 GB reserved,       1.56 MB ( <1%) committed,  1 nodes.
             Both:        1.06 GB reserved,      10.75 MB ( <1%) committed. 

Chunk freelists:
   Non-Class:  6.80 MB
       Class:  14.47 MB
        Both:  21.27 MB

MaxMetaspaceSize: unlimited
CompressedClassSpaceSize: 1.00 GB
Initial GC threshold: 21.00 MB
Current GC threshold: 21.00 MB
CDS: on
MetaspaceReclaimPolicy: balanced
 - commit_granule_bytes: 65536.
 - commit_granule_words: 8192.
 - virtual_space_node_default_size: 8388608.
 - enlarge_chunks_in_place: 1.
 - new_chunks_are_fully_committed: 0.
 - uncommit_free_chunks: 1.
 - use_allocation_guard: 0.
 - handle_deallocations: 1.


Internal statistics:

num_allocs_failed_limit: 0.
num_arena_births: 188.
num_arena_deaths: 0.
num_vsnodes_births: 2.
num_vsnodes_deaths: 0.
num_space_committed: 172.
num_space_uncommitted: 0.
num_chunks_returned_to_freelist: 0.
num_chunks_taken_from_freelist: 443.
num_chunk_merges: 0.
num_chunk_splits: 288.
num_chunks_enlarged: 209.
num_inconsistent_stats: 0.

CodeCache: size=49152Kb used=5140Kb max_used=5140Kb free=44012Kb
 bounds [0x000002d815d90000, 0x000002d8162a0000, 0x000002d818d90000]
 total_blobs=2232 nmethods=1780 adapters=377
 compilation: enabled
              stopped_count=0, restarted_count=0
 full_count=0

Compilation events (20 events):
Event: 1.573 Thread 0x000002d82514cb30 1771       1       java.util.concurrent.ConcurrentLinkedDeque::linkFirst (114 bytes)
Event: 1.573 Thread 0x000002d86b4cdf00 nmethod 1770 0x000002d81628ff90 code [0x000002d816290120, 0x000002d816290208]
Event: 1.573 Thread 0x000002d825117960 nmethod 1774 0x000002d816290290 code [0x000002d8162904a0, 0x000002d8162908b8]
Event: 1.573 Thread 0x000002d86b4cdf00 1772       1       java.util.concurrent.ConcurrentLinkedDeque::newNode (18 bytes)
Event: 1.573 Thread 0x000002d825117960 1773   !   1       java.lang.reflect.Executable::declaredAnnotations (85 bytes)
Event: 1.573 Thread 0x000002d86b4cdf00 nmethod 1772 0x000002d816290b10 code [0x000002d816290cc0, 0x000002d816290f78]
Event: 1.573 Thread 0x000002d86b4cdf00 1775       1       org.springframework.core.convert.support.GenericConversionService$Converters$$Lambda$165/0x000002d827115208::apply (8 bytes)
Event: 1.573 Thread 0x000002d825117960 nmethod 1773 0x000002d816291190 code [0x000002d8162913a0, 0x000002d816291868]
Event: 1.573 Thread 0x000002d825117960 1776       1       org.springframework.core.convert.support.GenericConversionService$Converters::lambda$getMatchableConverters$0 (8 bytes)
Event: 1.573 Thread 0x000002d86b4cdf00 nmethod 1775 0x000002d816291c10 code [0x000002d816291dc0, 0x000002d816292118]
Event: 1.573 Thread 0x000002d86b4cdf00 1777       1       org.springframework.core.convert.support.GenericConversionService$ConvertersForPair::<init> (16 bytes)
Event: 1.573 Thread 0x000002d825117960 nmethod 1776 0x000002d816292290 code [0x000002d816292440, 0x000002d816292758]
Event: 1.573 Thread 0x000002d86b4cdf00 nmethod 1777 0x000002d816292890 code [0x000002d816292a20, 0x000002d816292cd8]
Event: 1.573 Thread 0x000002d825117960 1778       1       java.util.concurrent.ConcurrentLinkedDeque::<init> (21 bytes)
Event: 1.573 Thread 0x000002d86b4cdf00 1779       1       org.springframework.core.ResolvableType::forClass (9 bytes)
Event: 1.573 Thread 0x000002d86b4cdf00 nmethod 1779 0x000002d816292e10 code [0x000002d816292fa0, 0x000002d8162930e8]
Event: 1.573 Thread 0x000002d825117960 nmethod 1778 0x000002d816293190 code [0x000002d816293320, 0x000002d816293518]
Event: 1.573 Thread 0x000002d86b4cdf00 1780       1       org.springframework.core.ResolvableType::<init> (47 bytes)
Event: 1.574 Thread 0x000002d86b4cdf00 nmethod 1780 0x000002d816293610 code [0x000002d8162937a0, 0x000002d816293a18]
Event: 1.574 Thread 0x000002d82514cb30 nmethod 1771 0x000002d816293a90 code [0x000002d816293d40, 0x000002d8162948d8]

GC Heap History (4 events):
Event: 1.129 GC heap before
{Heap before GC invocations=0 (full 0):
 garbage-first heap   total 262144K, used 20480K [0x0000000700e00000, 0x0000000800000000)
  region size 2048K, 11 young (22528K), 0 survivors (0K)
 Metaspace       used 5739K, committed 5888K, reserved 1114112K
  class space    used 697K, committed 768K, reserved 1048576K
}
Event: 1.132 GC heap after
{Heap after GC invocations=1 (full 0):
 garbage-first heap   total 262144K, used 6956K [0x0000000700e00000, 0x0000000800000000)
  region size 2048K, 2 young (4096K), 2 survivors (4096K)
 Metaspace       used 5739K, committed 5888K, reserved 1114112K
  class space    used 697K, committed 768K, reserved 1048576K
}
Event: 1.446 GC heap before
{Heap before GC invocations=1 (full 0):
 garbage-first heap   total 262144K, used 27436K [0x0000000700e00000, 0x0000000800000000)
  region size 2048K, 13 young (26624K), 2 survivors (4096K)
 Metaspace       used 9372K, committed 9536K, reserved 1114112K
  class space    used 1233K, committed 1280K, reserved 1048576K
}
Event: 1.449 GC heap after
{Heap after GC invocations=2 (full 0):
 garbage-first heap   total 262144K, used 8138K [0x0000000700e00000, 0x0000000800000000)
  region size 2048K, 1 young (2048K), 1 survivors (2048K)
 Metaspace       used 9372K, committed 9536K, reserved 1114112K
  class space    used 1233K, committed 1280K, reserved 1048576K
}

Deoptimization events (20 events):
Event: 1.525 Thread 0x000002d825d49440 DEOPT PACKING pc=0x000002d8160c7ae4 sp=0x000000f6790fc310
Event: 1.525 Thread 0x000002d825d49440 DEOPT UNPACKING pc=0x000002d815de2b43 sp=0x000000f6790fb7a8 mode 1
Event: 1.525 Thread 0x000002d825d49440 DEOPT PACKING pc=0x000002d8160c75fc sp=0x000000f6790fc3e0
Event: 1.525 Thread 0x000002d825d49440 DEOPT UNPACKING pc=0x000002d815de2b43 sp=0x000000f6790fb898 mode 1
Event: 1.525 Thread 0x000002d825d49440 DEOPT PACKING pc=0x000002d816093d5c sp=0x000000f6790fcd70
Event: 1.525 Thread 0x000002d825d49440 DEOPT UNPACKING pc=0x000002d815de2b43 sp=0x000000f6790fc260 mode 1
Event: 1.526 Thread 0x000002d825d49440 DEOPT PACKING pc=0x000002d8160c7ae4 sp=0x000000f6790fc310
Event: 1.526 Thread 0x000002d825d49440 DEOPT UNPACKING pc=0x000002d815de2b43 sp=0x000000f6790fb7a8 mode 1
Event: 1.526 Thread 0x000002d825d49440 DEOPT PACKING pc=0x000002d8160c75fc sp=0x000000f6790fc3e0
Event: 1.526 Thread 0x000002d825d49440 DEOPT UNPACKING pc=0x000002d815de2b43 sp=0x000000f6790fb898 mode 1
Event: 1.526 Thread 0x000002d825d49440 DEOPT PACKING pc=0x000002d816093d5c sp=0x000000f6790fcd70
Event: 1.526 Thread 0x000002d825d49440 DEOPT UNPACKING pc=0x000002d815de2b43 sp=0x000000f6790fc260 mode 1
Event: 1.532 Thread 0x000002d825d49440 DEOPT PACKING pc=0x000002d8160c7ae4 sp=0x000000f6790fd570
Event: 1.532 Thread 0x000002d825d49440 DEOPT UNPACKING pc=0x000002d815de2b43 sp=0x000000f6790fca08 mode 1
Event: 1.532 Thread 0x000002d825d49440 DEOPT PACKING pc=0x000002d8160c75fc sp=0x000000f6790fd640
Event: 1.532 Thread 0x000002d825d49440 DEOPT UNPACKING pc=0x000002d815de2b43 sp=0x000000f6790fcaf8 mode 1
Event: 1.574 Thread 0x000002d825d49440 DEOPT PACKING pc=0x000002d81607fc2c sp=0x000000f6790fe110
Event: 1.575 Thread 0x000002d825d49440 DEOPT UNPACKING pc=0x000002d815de2b43 sp=0x000000f6790fd738 mode 1
Event: 1.575 Thread 0x000002d825d49440 DEOPT PACKING pc=0x000002d81607b77c sp=0x000000f6790fe340
Event: 1.575 Thread 0x000002d825d49440 DEOPT UNPACKING pc=0x000002d815de2b43 sp=0x000000f6790fd808 mode 1

Classes unloaded (0 events):
No events

Classes redefined (0 events):
No events

Internal exceptions (20 events):
Event: 1.402 Thread 0x000002d825d49440 Exception <a 'java/lang/NoSuchMethodError'{0x000000070fb5a780}: 'java.lang.Object java.lang.invoke.DirectMethodHandle$Holder.invokeSpecial(java.lang.Object, java.lang.Object, java.lang.Object, java.lang.Object, java.lang.Object, java.lang.Object, int)'> (0x000000070fb5a780) 
thrown [s\open\src\hotspot\share\interpreter\linkResolver.cpp, line 759]
Event: 1.403 Thread 0x000002d825d49440 Exception <a 'java/lang/NoSuchMethodError'{0x000000070fb64d00}: 'java.lang.Object java.lang.invoke.DirectMethodHandle$Holder.newInvokeSpecial(java.lang.Object, java.lang.Object, java.lang.Object, java.lang.Object, java.lang.Object, java.lang.Object, int)'> (0x000000070fb64d00) 
thrown [s\open\src\hotspot\share\interpreter\linkResolver.cpp, line 759]
Event: 1.403 Thread 0x000002d825d49440 Exception <a 'java/lang/NoSuchMethodError'{0x000000070fb69d40}: 'java.lang.Object java.lang.invoke.DirectMethodHandle$Holder.invokeSpecial(java.lang.Object, java.lang.Object, java.lang.Object, java.lang.Object, java.lang.Object, java.lang.Object, java.lang.Object, int)'> (0x000000070fb69d40) 
thrown [s\open\src\hotspot\share\interpreter\linkResolver.cpp, line 759]
Event: 1.451 Thread 0x000002d825d49440 Exception <a 'java/lang/NoSuchMethodError'{0x0000000710c0da70}: 'java.lang.Object java.lang.invoke.DirectMethodHandle$Holder.invokeSpecial(java.lang.Object, java.lang.Object, java.lang.Object, int, java.lang.Object)'> (0x0000000710c0da70) 
thrown [s\open\src\hotspot\share\interpreter\linkResolver.cpp, line 759]
Event: 1.452 Thread 0x000002d825d49440 Exception <a 'java/lang/NoSuchMethodError'{0x0000000710c160d0}: 'java.lang.Object java.lang.invoke.DirectMethodHandle$Holder.newInvokeSpecial(java.lang.Object, java.lang.Object, java.lang.Object, int, java.lang.Object)'> (0x0000000710c160d0) 
thrown [s\open\src\hotspot\share\interpreter\linkResolver.cpp, line 759]
Event: 1.452 Thread 0x000002d825d49440 Exception <a 'java/lang/NoSuchMethodError'{0x0000000710c1daa0}: 'java.lang.Object java.lang.invoke.Invokers$Holder.linkToTargetMethod(java.lang.Object, java.lang.Object, int, java.lang.Object, java.lang.Object)'> (0x0000000710c1daa0) 
thrown [s\open\src\hotspot\share\interpreter\linkResolver.cpp, line 759]
Event: 1.453 Thread 0x000002d825d49440 Exception <a 'java/lang/NoSuchMethodError'{0x0000000710c2da10}: 'java.lang.Object java.lang.invoke.DirectMethodHandle$Holder.newInvokeSpecial(java.lang.Object, int, java.lang.Object)'> (0x0000000710c2da10) 
thrown [s\open\src\hotspot\share\interpreter\linkResolver.cpp, line 759]
Event: 1.454 Thread 0x000002d825d49440 Exception <a 'java/lang/NoSuchMethodError'{0x0000000710c32558}: 'int java.lang.invoke.DirectMethodHandle$Holder.invokeSpecialIFC(java.lang.Object, java.lang.Object, java.lang.Object, java.lang.Object)'> (0x0000000710c32558) 
thrown [s\open\src\hotspot\share\interpreter\linkResolver.cpp, line 759]
Event: 1.467 Thread 0x000002d825d49440 Exception <a 'java/lang/NoSuchMethodError'{0x0000000710d75b18}: 'void java.lang.invoke.DirectMethodHandle$Holder.invokeInterface(java.lang.Object, java.lang.Object, java.lang.Object)'> (0x0000000710d75b18) 
thrown [s\open\src\hotspot\share\interpreter\linkResolver.cpp, line 759]
Event: 1.534 Thread 0x000002d825d49440 Exception <a 'java/lang/NoSuchMethodError'{0x0000000710871920}: 'void java.lang.invoke.DirectMethodHandle$Holder.invokeStatic(java.lang.Object, java.lang.Object, int)'> (0x0000000710871920) 
thrown [s\open\src\hotspot\share\interpreter\linkResolver.cpp, line 759]
Event: 1.535 Thread 0x000002d825d49440 Exception <a 'java/lang/NoSuchMethodError'{0x000000071087b5e0}: 'void java.lang.invoke.DirectMethodHandle$Holder.invokeStaticInit(java.lang.Object, java.lang.Object)'> (0x000000071087b5e0) 
thrown [s\open\src\hotspot\share\interpreter\linkResolver.cpp, line 759]
Event: 1.537 Thread 0x000002d825d49440 Exception <a 'java/lang/NoSuchMethodError'{0x0000000710889248}: 'void java.lang.invoke.DirectMethodHandle$Holder.invokeStaticInit(java.lang.Object, java.lang.Object, java.lang.Object)'> (0x0000000710889248) 
thrown [s\open\src\hotspot\share\interpreter\linkResolver.cpp, line 759]
Event: 1.540 Thread 0x000002d825d49440 Exception <a 'java/lang/NoSuchMethodError'{0x00000007108d6d30}: 'java.lang.Object java.lang.invoke.DirectMethodHandle$Holder.invokeStatic(java.lang.Object, java.lang.Object, long, java.lang.Object)'> (0x00000007108d6d30) 
thrown [s\open\src\hotspot\share\interpreter\linkResolver.cpp, line 759]
Event: 1.540 Thread 0x000002d825d49440 Exception <a 'java/lang/NoSuchMethodError'{0x00000007108da7c8}: 'java.lang.Object java.lang.invoke.DirectMethodHandle$Holder.invokeStaticInit(java.lang.Object, java.lang.Object, long, java.lang.Object)'> (0x00000007108da7c8) 
thrown [s\open\src\hotspot\share\interpreter\linkResolver.cpp, line 759]
Event: 1.540 Thread 0x000002d825d49440 Exception <a 'java/lang/NoSuchMethodError'{0x00000007108e0d48}: 'java.lang.Object java.lang.invoke.DirectMethodHandle$Holder.newInvokeSpecial(java.lang.Object, java.lang.Object, long)'> (0x00000007108e0d48) 
thrown [s\open\src\hotspot\share\interpreter\linkResolver.cpp, line 759]
Event: 1.540 Thread 0x000002d825d49440 Exception <a 'java/lang/NoSuchMethodError'{0x00000007108e48b8}: 'java.lang.Object java.lang.invoke.Invokers$Holder.linkToTargetMethod(java.lang.Object, long, java.lang.Object)'> (0x00000007108e48b8) 
thrown [s\open\src\hotspot\share\interpreter\linkResolver.cpp, line 759]
Event: 1.547 Thread 0x000002d825d49440 Exception <a 'java/lang/NoSuchMethodError'{0x000000071093bcf8}: 'void java.lang.invoke.DirectMethodHandle$Holder.invokeVirtual(java.lang.Object, java.lang.Object, java.lang.Object, java.lang.Object)'> (0x000000071093bcf8) 
thrown [s\open\src\hotspot\share\interpreter\linkResolver.cpp, line 759]
Event: 1.569 Thread 0x000002d825d49440 Exception <a 'java/lang/NoSuchMethodError'{0x00000007106c0898}: 'void java.lang.invoke.DirectMethodHandle$Holder.invokeSpecial(java.lang.Object, java.lang.Object, java.lang.Object)'> (0x00000007106c0898) 
thrown [s\open\src\hotspot\share\interpreter\linkResolver.cpp, line 759]
Event: 1.569 Thread 0x000002d825d49440 Exception <a 'java/lang/NoSuchMethodError'{0x00000007106c6e70}: 'void java.lang.invoke.DirectMethodHandle$Holder.invokeSpecial(java.lang.Object, java.lang.Object, java.lang.Object, java.lang.Object, java.lang.Object)'> (0x00000007106c6e70) 
thrown [s\open\src\hotspot\share\interpreter\linkResolver.cpp, line 759]
Event: 1.573 Thread 0x000002d825d49440 Exception <a 'java/lang/IncompatibleClassChangeError'{0x00000007106f9a78}: Found class java.lang.Object, but interface was expected> (0x00000007106f9a78) 
thrown [s\open\src\hotspot\share\interpreter\linkResolver.cpp, line 826]

VM Operations (20 events):
Event: 0.946 Executing VM operation: HandshakeAllThreads
Event: 0.946 Executing VM operation: HandshakeAllThreads done
Event: 0.992 Executing VM operation: HandshakeAllThreads
Event: 0.992 Executing VM operation: HandshakeAllThreads done
Event: 1.059 Executing VM operation: HandshakeAllThreads
Event: 1.059 Executing VM operation: HandshakeAllThreads done
Event: 1.062 Executing VM operation: HandshakeAllThreads
Event: 1.062 Executing VM operation: HandshakeAllThreads done
Event: 1.128 Executing VM operation: G1CollectForAllocation
Event: 1.132 Executing VM operation: G1CollectForAllocation done
Event: 1.282 Executing VM operation: HandshakeAllThreads
Event: 1.282 Executing VM operation: HandshakeAllThreads done
Event: 1.431 Executing VM operation: HandshakeAllThreads
Event: 1.431 Executing VM operation: HandshakeAllThreads done
Event: 1.446 Executing VM operation: G1CollectForAllocation
Event: 1.449 Executing VM operation: G1CollectForAllocation done
Event: 1.564 Executing VM operation: HandshakeAllThreads
Event: 1.564 Executing VM operation: HandshakeAllThreads done
Event: 1.567 Executing VM operation: HandshakeAllThreads
Event: 1.567 Executing VM operation: HandshakeAllThreads done

Events (20 events):
Event: 1.580 loading class org/springframework/beans/PropertyEditorRegistrar done
Event: 1.580 loading class org/hibernate/validator/internal/util/Version done
Event: 1.580 loading class org/springframework/context/event/ContextStartedEvent
Event: 1.580 loading class org/springframework/context/event/ContextStartedEvent done
Event: 1.580 loading class org/hibernate/validator/internal/util/logging/LoggerFactory
Event: 1.580 loading class org/hibernate/validator/internal/util/logging/LoggerFactory done
Event: 1.580 loading class org/springframework/context/event/ContextStoppedEvent
Event: 1.580 loading class org/springframework/context/event/ContextStoppedEvent done
Event: 1.580 loading class org/springframework/context/support/AbstractApplicationContext$1
Event: 1.580 loading class org/springframework/context/support/AbstractApplicationContext$1 done
Event: 1.580 loading class org/hibernate/validator/internal/util/logging/Log
Event: 1.580 loading class org/hibernate/validator/internal/util/logging/Log done
Event: 1.580 loading class org/springframework/beans/factory/config/ConfigurableListableBeanFactory
Event: 1.580 loading class org/springframework/beans/factory/config/ConfigurableListableBeanFactory done
Event: 1.581 loading class org/springframework/beans/factory/config/ConfigurableBeanFactory
Event: 1.581 loading class org/springframework/beans/factory/config/ConfigurableBeanFactory done
Event: 1.581 loading class org/springframework/beans/factory/config/SingletonBeanRegistry
Event: 1.581 loading class org/springframework/beans/factory/config/SingletonBeanRegistry done
Event: 1.581 loading class org/springframework/beans/factory/config/BeanDefinition
Event: 1.581 loading class org/springframework/beans/factory/config/BeanDefinition done


Dynamic libraries:
0x00007ff66c2b0000 - 0x00007ff66c2c0000 	C:\Program Files\Java\jdk-17.0.10\bin\java.exe
0x00007ffd3b090000 - 0x00007ffd3b288000 	C:\Windows\SYSTEM32\ntdll.dll
0x00007ffd391f0000 - 0x00007ffd392ad000 	C:\Windows\System32\KERNEL32.DLL
0x00007ffd38af0000 - 0x00007ffd38de6000 	C:\Windows\System32\KERNELBASE.dll
0x00007ffd38fc0000 - 0x00007ffd390c0000 	C:\Windows\System32\ucrtbase.dll
0x00007ffd34110000 - 0x00007ffd34129000 	C:\Program Files\Java\jdk-17.0.10\bin\jli.dll
0x00007ffd34240000 - 0x00007ffd3425b000 	C:\Program Files\Java\jdk-17.0.10\bin\VCRUNTIME140.dll
0x00007ffd3afa0000 - 0x00007ffd3b050000 	C:\Windows\System32\ADVAPI32.dll
0x00007ffd3a000000 - 0x00007ffd3a09e000 	C:\Windows\System32\msvcrt.dll
0x00007ffd3a1d0000 - 0x00007ffd3a270000 	C:\Windows\System32\sechost.dll
0x00007ffd39eb0000 - 0x00007ffd39fd3000 	C:\Windows\System32\RPCRT4.dll
0x00007ffd38df0000 - 0x00007ffd38e17000 	C:\Windows\System32\bcrypt.dll
0x00007ffd3aa30000 - 0x00007ffd3abcf000 	C:\Windows\System32\USER32.dll
0x00007ffd38e20000 - 0x00007ffd38e42000 	C:\Windows\System32\win32u.dll
0x00007ffd2a010000 - 0x00007ffd2a2aa000 	C:\Windows\WinSxS\amd64_microsoft.windows.common-controls_6595b64144ccf1df_6.0.19041.3636_none_60b6a03d71f818d5\COMCTL32.dll
0x00007ffd395e0000 - 0x00007ffd3960b000 	C:\Windows\System32\GDI32.dll
0x00007ffd38ea0000 - 0x00007ffd38fb7000 	C:\Windows\System32\gdi32full.dll
0x00007ffd38860000 - 0x00007ffd388fd000 	C:\Windows\System32\msvcp_win.dll
0x00007ffd33d60000 - 0x00007ffd33d6a000 	C:\Windows\SYSTEM32\VERSION.dll
0x00007ffd39610000 - 0x00007ffd39642000 	C:\Windows\System32\IMM32.DLL
0x00007ffd33970000 - 0x00007ffd3397c000 	C:\Program Files\Java\jdk-17.0.10\bin\vcruntime140_1.dll
0x00007ffd2a8f0000 - 0x00007ffd2a97e000 	C:\Program Files\Java\jdk-17.0.10\bin\msvcp140.dll
0x00007ffd0e6e0000 - 0x00007ffd0f2bf000 	C:\Program Files\Java\jdk-17.0.10\bin\server\jvm.dll
0x00007ffd3a330000 - 0x00007ffd3a338000 	C:\Windows\System32\PSAPI.DLL
0x00007ffd27090000 - 0x00007ffd27099000 	C:\Windows\SYSTEM32\WSOCK32.dll
0x00007ffd2fb40000 - 0x00007ffd2fb67000 	C:\Windows\SYSTEM32\WINMM.dll
0x00007ffd3abd0000 - 0x00007ffd3ac3b000 	C:\Windows\System32\WS2_32.dll
0x00007ffd365f0000 - 0x00007ffd36602000 	C:\Windows\SYSTEM32\kernel.appcore.dll
0x00007ffd33960000 - 0x00007ffd3396a000 	C:\Program Files\Java\jdk-17.0.10\bin\jimage.dll
0x00007ffd17af0000 - 0x00007ffd17cd4000 	C:\Windows\SYSTEM32\DBGHELP.DLL
0x00007ffd17ab0000 - 0x00007ffd17ae4000 	C:\Windows\SYSTEM32\dbgcore.DLL
0x00007ffd38900000 - 0x00007ffd38982000 	C:\Windows\System32\bcryptPrimitives.dll
0x00007ffd1ca40000 - 0x00007ffd1ca7b000 	C:\Program Files\Java\jdk-17.0.10\bin\jdwp.dll
0x00007ffd310c0000 - 0x00007ffd310ce000 	C:\Program Files\Java\jdk-17.0.10\bin\instrument.dll
0x00007ffd319d0000 - 0x00007ffd319f5000 	C:\Program Files\Java\jdk-17.0.10\bin\java.dll
0x00007ffd30f40000 - 0x00007ffd30f58000 	C:\Program Files\Java\jdk-17.0.10\bin\zip.dll
0x00007ffd1fc60000 - 0x00007ffd1fd37000 	C:\Program Files\Java\jdk-17.0.10\bin\jsvml.dll
0x00007ffd39650000 - 0x00007ffd39dbb000 	C:\Windows\System32\SHELL32.dll
0x00007ffd367f0000 - 0x00007ffd36f8e000 	C:\Windows\SYSTEM32\windows.storage.dll
0x00007ffd3ac40000 - 0x00007ffd3af93000 	C:\Windows\System32\combase.dll
0x00007ffd38170000 - 0x00007ffd3819e000 	C:\Windows\SYSTEM32\Wldp.dll
0x00007ffd3a340000 - 0x00007ffd3a40d000 	C:\Windows\System32\OLEAUT32.dll
0x00007ffd390e0000 - 0x00007ffd3918d000 	C:\Windows\System32\SHCORE.dll
0x00007ffd39190000 - 0x00007ffd391e5000 	C:\Windows\System32\shlwapi.dll
0x00007ffd38670000 - 0x00007ffd38693000 	C:\Windows\SYSTEM32\profapi.dll
0x00007ffd2acc0000 - 0x00007ffd2accc000 	C:\Program Files\Java\jdk-17.0.10\bin\dt_socket.dll
0x00007ffd37b60000 - 0x00007ffd37b9b000 	C:\Windows\SYSTEM32\IPHLPAPI.DLL
0x00007ffd37ed0000 - 0x00007ffd37f3a000 	C:\Windows\system32\mswsock.dll
0x00007ffd318e0000 - 0x00007ffd318f9000 	C:\Program Files\Java\jdk-17.0.10\bin\net.dll
0x00007ffd31ed0000 - 0x00007ffd31fda000 	C:\Windows\SYSTEM32\WINHTTP.dll
0x00007ffd318c0000 - 0x00007ffd318d6000 	C:\Program Files\Java\jdk-17.0.10\bin\nio.dll
0x00007ffd37ba0000 - 0x00007ffd37c6b000 	C:\Windows\SYSTEM32\DNSAPI.dll
0x00007ffd39fe0000 - 0x00007ffd39fe8000 	C:\Windows\System32\NSI.dll
0x00007ffd31920000 - 0x00007ffd3192a000 	C:\Windows\System32\rasadhlp.dll
0x00007ffd31420000 - 0x00007ffd314a0000 	C:\Windows\System32\fwpuclnt.dll
0x00007ffd337b0000 - 0x00007ffd337ba000 	C:\Program Files\Java\jdk-17.0.10\bin\management.dll
0x00007ffd319c0000 - 0x00007ffd319cb000 	C:\Program Files\Java\jdk-17.0.10\bin\management_ext.dll
0x00007ffd380d0000 - 0x00007ffd380e8000 	C:\Windows\SYSTEM32\CRYPTSP.dll
0x00007ffd37780000 - 0x00007ffd377b4000 	C:\Windows\system32\rsaenh.dll
0x00007ffd385f0000 - 0x00007ffd3861e000 	C:\Windows\SYSTEM32\USERENV.dll
0x00007ffd380c0000 - 0x00007ffd380cc000 	C:\Windows\SYSTEM32\CRYPTBASE.dll
0x00007ffd32a00000 - 0x00007ffd32a17000 	C:\Windows\SYSTEM32\dhcpcsvc6.DLL
0x00007ffd32e60000 - 0x00007ffd32e7d000 	C:\Windows\SYSTEM32\dhcpcsvc.DLL
0x00007ffd0fba0000 - 0x00007ffd0fbb7000 	C:\Windows\system32\napinsp.dll
0x00007ffd0fb80000 - 0x00007ffd0fb9b000 	C:\Windows\system32\pnrpnsp.dll
0x00007ffd14ee0000 - 0x00007ffd14ef5000 	C:\Windows\system32\wshbth.dll
0x00007ffd340e0000 - 0x00007ffd340fd000 	C:\Windows\system32\NLAapi.dll
0x00007ffd0fb60000 - 0x00007ffd0fb72000 	C:\Windows\System32\winrnr.dll

dbghelp: loaded successfully - version: 4.0.5 - missing functions: none
symbol engine: initialized successfully - sym options: 0x614 - pdb path: .;C:\Program Files\Java\jdk-17.0.10\bin;C:\Windows\SYSTEM32;C:\Windows\WinSxS\amd64_microsoft.windows.common-controls_6595b64144ccf1df_6.0.19041.3636_none_60b6a03d71f818d5;C:\Program Files\Java\jdk-17.0.10\bin\server

VM Arguments:
jvm_args: -agentlib:jdwp=transport=dt_socket,address=127.0.0.1:59301,suspend=y,server=n -XX:TieredStopAtLevel=1 -Dspring.output.ansi.enabled=always -Dcom.sun.management.jmxremote -Dspring.jmx.enabled=true -Dspring.liveBeansView.mbeanDomain -Dspring.application.admin.enabled=true -Dmanagement.endpoints.jmx.exposure.include=* -javaagent:C:\Users\adm\AppData\Local\JetBrains\IntelliJIdea2024.1\captureAgent\debugger-agent.jar -Dfile.encoding=UTF-8 
java_command: com.lacamentopeca.pedidosDePecas.PedidosDePecasApplication
java_class_path (initial): C:\Projetos\pedidosDePecas\backend\target\classes;C:\Users\adm\.m2\repository\org\springframework\boot\spring-boot-starter-web\3.1.0\spring-boot-starter-web-3.1.0.jar;C:\Users\adm\.m2\repository\org\springframework\boot\spring-boot-starter\3.1.0\spring-boot-starter-3.1.0.jar;C:\Users\adm\.m2\repository\org\springframework\boot\spring-boot-starter-logging\3.1.0\spring-boot-starter-logging-3.1.0.jar;C:\Users\adm\.m2\repository\ch\qos\logback\logback-classic\1.4.7\logback-classic-1.4.7.jar;C:\Users\adm\.m2\repository\ch\qos\logback\logback-core\1.4.7\logback-core-1.4.7.jar;C:\Users\adm\.m2\repository\org\apache\logging\log4j\log4j-to-slf4j\2.20.0\log4j-to-slf4j-2.20.0.jar;C:\Users\adm\.m2\repository\org\apache\logging\log4j\log4j-api\2.20.0\log4j-api-2.20.0.jar;C:\Users\adm\.m2\repository\org\slf4j\jul-to-slf4j\2.0.7\jul-to-slf4j-2.0.7.jar;C:\Users\adm\.m2\repository\jakarta\annotation\jakarta.annotation-api\2.1.1\jakarta.annotation-api-2.1.1.jar;C:\Users\adm\.m2\repository\org\yaml\snakeyaml\1.33\snakeyaml-1.33.jar;C:\Users\adm\.m2\repository\org\springframework\boot\spring-boot-starter-json\3.1.0\spring-boot-starter-json-3.1.0.jar;C:\Users\adm\.m2\repository\com\fasterxml\jackson\datatype\jackson-datatype-jdk8\2.15.0\jackson-datatype-jdk8-2.15.0.jar;C:\Users\adm\.m2\repository\com\fasterxml\jackson\datatype\jackson-datatype-jsr310\2.15.0\jackson-datatype-jsr310-2.15.0.jar;C:\Users\adm\.m2\repository\com\fasterxml\jackson\module\jackson-module-parameter-names\2.15.0\jackson-module-parameter-names-2.15.0.jar;C:\Users\adm\.m2\repository\org\springframework\boot\spring-boot-starter-tomcat\3.1.0\spring-boot-starter-tomcat-3.1.0.jar;C:\Users\adm\.m2\repository\org\apache\tomcat\embed\tomcat-embed-core\10.1.8\tomcat-embed-core-10.1.8.jar;C:\Users\adm\.m2\repository\org\apache\tomcat\embed\tomcat-embed-websocket\10.1.8\tomcat-embed-websocket-10.1.8.jar;C:\Users\adm\.m2\repository\org\springframework\spring-web\6.0.9\spring-web-6.0.9.jar;C:\Users\
Launcher Type: SUN_STANDARD

[Global flags]
     intx CICompilerCount                          = 4                                         {product} {ergonomic}
     uint ConcGCThreads                            = 2                                         {product} {ergonomic}
     uint G1ConcRefinementThreads                  = 8                                         {product} {ergonomic}
   size_t G1HeapRegionSize                         = 2097152                                   {product} {ergonomic}
    uintx GCDrainStackTargetSize                   = 64                                        {product} {ergonomic}
   size_t InitialHeapSize                          = 268435456                                 {product} {ergonomic}
     bool ManagementServer                         = true                                      {product} {command line}
   size_t MarkStackSize                            = 4194304                                   {product} {ergonomic}
   size_t MaxHeapSize                              = 4280287232                                {product} {ergonomic}
   size_t MaxNewSize                               = 2566914048                                {product} {ergonomic}
   size_t MinHeapDeltaBytes                        = 2097152                                   {product} {ergonomic}
   size_t MinHeapSize                              = 8388608                                   {product} {ergonomic}
    uintx NonProfiledCodeHeapSize                  = 0                                      {pd product} {ergonomic}
     bool ProfileInterpreter                       = false                                  {pd product} {command line}
    uintx ProfiledCodeHeapSize                     = 0                                      {pd product} {ergonomic}
   size_t SoftMaxHeapSize                          = 4280287232                             {manageable} {ergonomic}
     intx TieredStopAtLevel                        = 1                                         {product} {command line}
     bool UseCompressedClassPointers               = true                           {product lp64_product} {ergonomic}
     bool UseCompressedOops                        = true                           {product lp64_product} {ergonomic}
     bool UseG1GC                                  = true                                      {product} {ergonomic}
     bool UseLargePagesIndividualAllocation        = false                                  {pd product} {ergonomic}

Logging:
Log output configuration:
 #0: stdout all=warning uptime,level,tags
 #1: stderr all=off uptime,level,tags

Environment Variables:
JAVA_HOME=C:\Program Files\Java\jdk-17.0.10
PATH=C:\Program Files\ImageMagick-7.1.1-Q16-HDRI;C:\Program Files\Java\jdk-17.0.10\bin;C:\Python311\Scripts\;C:\Python311\;C:\Windows\system32;C:\Windows;C:\Windows\System32\Wbem;C:\Windows\System32\WindowsPowerShell\v1.0\;C:\Windows\System32\OpenSSH\;C:\Program Files\nodejs\;C:\ProgramData\chocolatey\bin;C:\Program Files\PuTTY\;C:\Program Files\Git\cmd;;C:\Program Files\Wondershare\Wondershare DemoCreator;C:\php;C:\Users\adm\AppData\Local\Microsoft\WindowsApps;C:\Users\adm\AppData\Roaming\npm;C:\Users\adm\AppData\Local\Programs\Microsoft VS Code\bin;
USERNAME=adm
OS=Windows_NT
PROCESSOR_IDENTIFIER=Intel64 Family 6 Model 158 Stepping 9, GenuineIntel



---------------  S Y S T E M  ---------------

OS:
 Windows 10 , 64 bit Build 19041 (10.0.19041.3636)
OS uptime: 4 days 17:48 hours

CPU: total 8 (initial active 8) (4 cores per cpu, 2 threads per core) family 6 model 158 stepping 9 microcode 0xb4, cx8, cmov, fxsr, ht, mmx, 3dnowpref, sse, sse2, sse3, ssse3, sse4.1, sse4.2, popcnt, lzcnt, tsc, tscinvbit, avx, avx2, aes, erms, clmul, bmi1, bmi2, rtm, adx, fma, vzeroupper, clflush, clflushopt

Memory: 4k page, system-wide physical 16327M (5662M free)
TotalPageFile size 30556M (AvailPageFile size 5M)
current process WorkingSet (physical memory assigned to process): 93M, peak: 93M
current process commit charge ("private bytes"): 364M, peak: 364M

vm_info: Java HotSpot(TM) 64-Bit Server VM (17.0.10+11-LTS-240) for windows-amd64 JRE (17.0.10+11-LTS-240), built on Dec 19 2023 21:47:25 by "mach5one" with MS VC++ 17.1 (VS2022)

END.
